Command_line: ./diversity_analyzer.py -i input/PRJNA324093_Dnr4_10k.fasta -o OUTPUT_DIRECTORY

Diversity Analyzer parameters:
  Input reads:		input/PRJNA324093_Dnr4_10k.fasta
  Output directory:	/home/jene4ka/Документы/Immunogenetika/immunotools-master/OUTPUT_DIRECTORY

  Domain system:	imgt
  Loci:			all
  Organism:		human
  Output plots:		True

Log will be written to /home/jene4ka/Документы/Immunogenetika/immunotools-master/OUTPUT_DIRECTORY/diversity_analyzer.log

   0:00:00.000    4M /    4M   INFO  General                 (cdr_launch.cpp            :  16)   Diversity Analyzer starts
   0:00:00.036   20M /   24M   INFO  General                 (read_archive.cpp          :  35)   10000 reads were extracted from input/PRJNA324093_Dnr4_10k.fasta
   0:00:00.038   12M /   24M   INFO  General                 (germline_db_generator.cpp : 123)   34 germline filenames were extracted from /home/jene4ka/Документы/Immunogenetika/immunotools-master/OUTPUT_DIRECTORY/configs/vj_finder/germline_files_config.txt
   0:00:00.038   12M /   24M   INFO  General                 (germline_db_generator.cpp : 176)   7 V gene segment files will be used for DB:
   0:00:00.038   12M /   24M   INFO  General                 (germline_db_generator.cpp : 178)   IGH: /home/jene4ka/Документы/Immunogenetika/immunotools-master/data/germline/human/IG/IGHV.fa
   0:00:00.038   12M /   24M   INFO  General                 (germline_db_generator.cpp : 178)   IGK: /home/jene4ka/Документы/Immunogenetika/immunotools-master/data/germline/human/IG/IGKV.fa
   0:00:00.038   12M /   24M   INFO  General                 (germline_db_generator.cpp : 178)   IGL: /home/jene4ka/Документы/Immunogenetika/immunotools-master/data/germline/human/IG/IGLV.fa
   0:00:00.038   12M /   24M   INFO  General                 (germline_db_generator.cpp : 178)   TRA: /home/jene4ka/Документы/Immunogenetika/immunotools-master/data/germline/human/TCR/TRAV.fa
   0:00:00.038   12M /   24M   INFO  General                 (germline_db_generator.cpp : 178)   TRB: /home/jene4ka/Документы/Immunogenetika/immunotools-master/data/germline/human/TCR/TRBV.fa
   0:00:00.038   12M /   24M   INFO  General                 (germline_db_generator.cpp : 178)   TRG: /home/jene4ka/Документы/Immunogenetika/immunotools-master/data/germline/human/TCR/TRGV.fa
   0:00:00.038   12M /   24M   INFO  General                 (germline_db_generator.cpp : 178)   TRD: /home/jene4ka/Документы/Immunogenetika/immunotools-master/data/germline/human/TCR/TRDV.fa
   0:00:00.038   12M /   24M   INFO  General                 (germline_db_generator.cpp : 180)   3 D gene segment files will be used for DB:
   0:00:00.038   12M /   24M   INFO  General                 (germline_db_generator.cpp : 182)   IGH: /home/jene4ka/Документы/Immunogenetika/immunotools-master/data/germline/human/IG/IGHD.fa
   0:00:00.038   12M /   24M   INFO  General                 (germline_db_generator.cpp : 182)   IGK: /home/jene4ka/Документы/Immunogenetika/immunotools-master/data/germline/human/TCR/TRBD.fa
   0:00:00.038   12M /   24M   INFO  General                 (germline_db_generator.cpp : 182)   IGL: /home/jene4ka/Документы/Immunogenetika/immunotools-master/data/germline/human/TCR/TRDD.fa
   0:00:00.038   12M /   24M   INFO  General                 (germline_db_generator.cpp : 184)   7 J gene segment files will be used for DB:
   0:00:00.038   12M /   24M   INFO  General                 (germline_db_generator.cpp : 186)   IGH: /home/jene4ka/Документы/Immunogenetika/immunotools-master/data/germline/human/IG/IGHJ.fa
   0:00:00.038   12M /   24M   INFO  General                 (germline_db_generator.cpp : 186)   IGK: /home/jene4ka/Документы/Immunogenetika/immunotools-master/data/germline/human/IG/IGKJ.fa
   0:00:00.038   12M /   24M   INFO  General                 (germline_db_generator.cpp : 186)   IGL: /home/jene4ka/Документы/Immunogenetika/immunotools-master/data/germline/human/IG/IGLJ.fa
   0:00:00.038   12M /   24M   INFO  General                 (germline_db_generator.cpp : 186)   TRA: /home/jene4ka/Документы/Immunogenetika/immunotools-master/data/germline/human/TCR/TRAJ.fa
   0:00:00.038   12M /   24M   INFO  General                 (germline_db_generator.cpp : 186)   TRB: /home/jene4ka/Документы/Immunogenetika/immunotools-master/data/germline/human/TCR/TRBJ.fa
   0:00:00.038   12M /   24M   INFO  General                 (germline_db_generator.cpp : 186)   TRG: /home/jene4ka/Документы/Immunogenetika/immunotools-master/data/germline/human/TCR/TRGJ.fa
   0:00:00.038   12M /   24M   INFO  General                 (germline_db_generator.cpp : 186)   TRD: /home/jene4ka/Документы/Immunogenetika/immunotools-master/data/germline/human/TCR/TRDJ.fa
   0:00:00.038   12M /   24M   INFO  General                 (cdr_launch.cpp            :  22)   Generation of DB for variable segments...
   0:00:00.044   12M /   24M   INFO  General                 (immune_gene_database.cpp  :  41)   371 records were extracted from /home/jene4ka/Документы/Immunogenetika/immunotools-master/data/germline/human/IG/IGHV.fa
   0:00:00.045   12M /   24M   INFO  General                 (immune_gene_database.cpp  :  41)   108 records were extracted from /home/jene4ka/Документы/Immunogenetika/immunotools-master/data/germline/human/IG/IGKV.fa
   0:00:00.046   12M /   24M   INFO  General                 (immune_gene_database.cpp  :  41)   91 records were extracted from /home/jene4ka/Документы/Immunogenetika/immunotools-master/data/germline/human/IG/IGLV.fa
   0:00:00.046   12M /   24M   INFO  General                 (immune_gene_database.cpp  :  41)   103 records were extracted from /home/jene4ka/Документы/Immunogenetika/immunotools-master/data/germline/human/TCR/TRAV.fa
   0:00:00.047   12M /   24M   INFO  General                 (immune_gene_database.cpp  :  41)   142 records were extracted from /home/jene4ka/Документы/Immunogenetika/immunotools-master/data/germline/human/TCR/TRBV.fa
   0:00:00.048   12M /   24M   INFO  General                 (immune_gene_database.cpp  :  41)   18 records were extracted from /home/jene4ka/Документы/Immunogenetika/immunotools-master/data/germline/human/TCR/TRGV.fa
   0:00:00.048   12M /   24M   INFO  General                 (immune_gene_database.cpp  :  41)   21 records were extracted from /home/jene4ka/Документы/Immunogenetika/immunotools-master/data/germline/human/TCR/TRDV.fa
   0:00:00.048   12M /   24M   INFO  General                 (cdr_launch.cpp            :  24)   Generation of DB for join segments...
   0:00:00.048   12M /   24M   INFO  General                 (immune_gene_database.cpp  :  41)   13 records were extracted from /home/jene4ka/Документы/Immunogenetika/immunotools-master/data/germline/human/IG/IGHJ.fa
   0:00:00.049   12M /   24M   INFO  General                 (immune_gene_database.cpp  :  41)   9 records were extracted from /home/jene4ka/Документы/Immunogenetika/immunotools-master/data/germline/human/IG/IGKJ.fa
   0:00:00.049   12M /   24M   INFO  General                 (immune_gene_database.cpp  :  41)   10 records were extracted from /home/jene4ka/Документы/Immunogenetika/immunotools-master/data/germline/human/IG/IGLJ.fa
   0:00:00.049   12M /   24M   INFO  General                 (immune_gene_database.cpp  :  41)   68 records were extracted from /home/jene4ka/Документы/Immunogenetika/immunotools-master/data/germline/human/TCR/TRAJ.fa
   0:00:00.050   12M /   24M   INFO  General                 (immune_gene_database.cpp  :  41)   16 records were extracted from /home/jene4ka/Документы/Immunogenetika/immunotools-master/data/germline/human/TCR/TRBJ.fa
   0:00:00.050   12M /   24M   INFO  General                 (immune_gene_database.cpp  :  41)   6 records were extracted from /home/jene4ka/Документы/Immunogenetika/immunotools-master/data/germline/human/TCR/TRGJ.fa
   0:00:00.050   12M /   24M   INFO  General                 (immune_gene_database.cpp  :  41)   4 records were extracted from /home/jene4ka/Документы/Immunogenetika/immunotools-master/data/germline/human/TCR/TRDJ.fa
   0:00:00.050   12M /   24M   INFO  General                 (cdr_launch.cpp            :  26)   CDR labeling for V gene segments
   0:00:00.050   12M /   24M   INFO  General                 (germline_db_labeler.cpp   :  23)   Algorithm of CDR computation: annotated
   0:00:00.050   12M /   24M   INFO  General                 (annotated_gene_labeler.cpp:  15)   Reading V annotation from /home/jene4ka/Документы/Immunogenetika/immunotools-master/data/annotation/human_v_imgt.txt
   0:00:00.056   12M /   24M   INFO  General                 (annotated_gene_labeler.cpp:  15)   Reading V annotation from /home/jene4ka/Документы/Immunogenetika/immunotools-master/data/annotation/human_v_imgt.txt
   0:00:00.061   12M /   24M   INFO  General                 (annotated_gene_labeler.cpp:  15)   Reading V annotation from /home/jene4ka/Документы/Immunogenetika/immunotools-master/data/annotation/human_v_imgt.txt
   0:00:00.065   12M /   24M   INFO  General                 (annotated_gene_labeler.cpp:  15)   Reading V annotation from /home/jene4ka/Документы/Immunogenetika/immunotools-master/data/annotation/human_v_imgt.txt
   0:00:00.069   12M /   24M   INFO  General                 (annotated_gene_labeler.cpp:  15)   Reading V annotation from /home/jene4ka/Документы/Immunogenetika/immunotools-master/data/annotation/human_v_imgt.txt
   0:00:00.075   12M /   24M   INFO  General                 (annotated_gene_labeler.cpp:  15)   Reading V annotation from /home/jene4ka/Документы/Immunogenetika/immunotools-master/data/annotation/human_v_imgt.txt
   0:00:00.088   12M /   24M   INFO  General                 (annotated_gene_labeler.cpp:  15)   Reading V annotation from /home/jene4ka/Документы/Immunogenetika/immunotools-master/data/annotation/human_v_imgt.txt
   0:00:00.093   12M /   24M   INFO  General                 (germline_db_labeler.cpp   :  33)   # records from DB with empty CDR labelings: 205
   0:00:00.094   12M /   24M   INFO  General                 (cdr_launch.cpp            :  28)   CDR labeling for J gene segments
   0:00:00.094   12M /   24M   INFO  General                 (germline_db_labeler.cpp   :  23)   Algorithm of CDR computation: annotated
   0:00:00.094   12M /   24M   INFO  General                 (annotated_gene_labeler.cpp:  53)   Reading J annotation from /home/jene4ka/Документы/Immunogenetika/immunotools-master/data/annotation/human_j_imgt.txt
   0:00:00.095   12M /   24M   INFO  General                 (annotated_gene_labeler.cpp:  53)   Reading J annotation from /home/jene4ka/Документы/Immunogenetika/immunotools-master/data/annotation/human_j_imgt.txt
   0:00:00.095   12M /   24M   INFO  General                 (annotated_gene_labeler.cpp:  53)   Reading J annotation from /home/jene4ka/Документы/Immunogenetika/immunotools-master/data/annotation/human_j_imgt.txt
   0:00:00.095   12M /   24M   INFO  General                 (annotated_gene_labeler.cpp:  53)   Reading J annotation from /home/jene4ka/Документы/Immunogenetika/immunotools-master/data/annotation/human_j_imgt.txt
   0:00:00.096   12M /   24M   INFO  General                 (annotated_gene_labeler.cpp:  53)   Reading J annotation from /home/jene4ka/Документы/Immunogenetika/immunotools-master/data/annotation/human_j_imgt.txt
   0:00:00.096   12M /   24M   INFO  General                 (annotated_gene_labeler.cpp:  53)   Reading J annotation from /home/jene4ka/Документы/Immunogenetika/immunotools-master/data/annotation/human_j_imgt.txt
   0:00:00.097   12M /   24M   INFO  General                 (annotated_gene_labeler.cpp:  53)   Reading J annotation from /home/jene4ka/Документы/Immunogenetika/immunotools-master/data/annotation/human_j_imgt.txt
   0:00:00.097   12M /   24M   INFO  General                 (germline_db_labeler.cpp   :  33)   # records from DB with empty CDR labelings: 3
   0:00:00.097   12M /   24M   INFO  General                 (cdr_launch.cpp            :  30)   Creation of labeled V and J databases
   0:00:00.099   12M /   24M   INFO  General                 (cdr_launch.cpp            :  32)   Labeled DB of V segments consists of 649 records
   0:00:00.099   12M /   24M   INFO  General                 (cdr_launch.cpp            :  34)   Labeled DB of J segments consists of 123 records
   0:00:00.100   12M /   24M   INFO  General                 (cdr_launch.cpp            :  35)   Alignment against VJ germline segments
   0:00:30.889  140M /  140M   INFO  General                 (vj_parallel_processor.cpp :  50)   100% of aligned reads have isotype IGH
   0:00:30.889  140M /  140M   INFO  General                 (cdr_launch.cpp            :  41)   10000 reads were aligned; 0 reads were filtered out
   0:00:31.726  236M /  300M   INFO  General                 (read_labeler.cpp          :  67)   10000 annotated sequences were created
   0:00:31.726  236M /  300M   INFO  General                 (cdr_launch.cpp            :  44)   CDR sequences and SHMs were computed
   0:00:31.753  236M /  300M   INFO  General                 (cdr_output.cpp            : 151)   Cleaned reads were written to /home/jene4ka/Документы/Immunogenetika/immunotools-master/OUTPUT_DIRECTORY/cleaned_sequences.fasta
   0:00:31.798  236M /  300M   INFO  General                 (cdr_output.cpp            :  40)   CDR details were written to /home/jene4ka/Документы/Immunogenetika/immunotools-master/OUTPUT_DIRECTORY/cdr_details.txt
   0:00:31.803  240M /  300M   INFO  General                 (cdr_output.cpp            :  55)   CDR1 sequences were written to /home/jene4ka/Документы/Immunogenetika/immunotools-master/OUTPUT_DIRECTORY/cdr1s.fasta
   0:00:31.809  240M /  300M   INFO  General                 (cdr_output.cpp            :  55)   CDR2 sequences were written to /home/jene4ka/Документы/Immunogenetika/immunotools-master/OUTPUT_DIRECTORY/cdr2s.fasta
   0:00:31.817  240M /  300M   INFO  General                 (cdr_output.cpp            :  55)   CDR3 sequences were written to /home/jene4ka/Документы/Immunogenetika/immunotools-master/OUTPUT_DIRECTORY/cdr3s.fasta
   0:00:31.832  240M /  300M   INFO  General                 (compressed_cdr_set.cpp    :  26)   2655 unique CDR3 sequences were created, max abundance: 477
   0:00:31.835  240M /  300M   INFO  General                 (cdr_output.cpp            :  90)   Compressed CDR3 were written to /home/jene4ka/Документы/Immunogenetika/immunotools-master/OUTPUT_DIRECTORY/compressed_cdr3s.fasta
   0:00:31.912  236M /  300M   INFO  General                 (cdr_output.cpp            : 112)   V alignments were written to /home/jene4ka/Документы/Immunogenetika/immunotools-master/OUTPUT_DIRECTORY/v_alignment.fasta
   0:00:32.175  236M /  300M   INFO  General                 (cdr_output.cpp            : 140)   SHM getails were written to /home/jene4ka/Документы/Immunogenetika/immunotools-master/OUTPUT_DIRECTORY/shm_details.txt
   0:00:32.175  236M /  300M   INFO  General                 (cdr_output.cpp            : 162)   Information about filtered reads was written to /home/jene4ka/Документы/Immunogenetika/immunotools-master/OUTPUT_DIRECTORY/filtering_info.txt
   0:00:32.175  236M /  300M   INFO  General                 (cdr_launch.cpp            :  55)   Diversity analysis of CDRs
   0:00:32.186  240M /  300M   INFO  General                 (compressed_cdr_set.cpp    :  26)   1973 unique CDR1 sequences were created, max abundance: 508
   0:00:32.198  240M /  300M   INFO  General                 (compressed_cdr_set.cpp    :  26)   2206 unique CDR2 sequences were created, max abundance: 442
   0:00:32.213  240M /  300M   INFO  General                 (compressed_cdr_set.cpp    :  26)   2655 unique CDR3 sequences were created, max abundance: 477
   0:00:32.269  244M /  300M   INFO  General                 (diversity_analyser.cpp    :  35)   1197 connected components of CDR3 Hamming graph were created
   0:00:32.269  244M /  300M   INFO  General                 (diversity_analyser.cpp    :  36)   Size of max connected component: 481
   0:00:32.273  244M /  300M   INFO  General                 (cdr_launch.cpp            :  61)   Shannon index. CDR1: 6.48896, CDR2: 6.62697, CDR3: 6.82505
   0:00:32.275  244M /  300M   INFO  General                 (cdr_launch.cpp            :  64)   Simpson index. CDR1: 0.00502062, CDR2: 0.0041649, CDR3: 0.0039565
   0:00:32.276  244M /  300M   INFO  General                 (cdr_launch.cpp            :  65)   Clonal Shannon index: 5.88249
   0:00:32.276  244M /  300M   INFO  General                 (cdr_launch.cpp            :  66)   Clonal Simpson index: 0.00843172
   0:00:32.276  244M /  300M   INFO  General                 (cdr_launch.cpp            :  67)   Diversity Analyzer ends

==== Visualization of diversity statistics ====

== Output VJ statistics ==
VJ heatmap for the most abundant VJ combinations was written to /home/jene4ka/Документы/Immunogenetika/immunotools-master/OUTPUT_DIRECTORY/visualizer/plots/gene_usage_plots/vj_heatmap.pdf, .png and .svg
Usage of V genes was written to /home/jene4ka/Документы/Immunogenetika/immunotools-master/OUTPUT_DIRECTORY/visualizer/plots/gene_usage_plots/v_usage.pdf, .png and .svg
Usage of V genes was written to /home/jene4ka/Документы/Immunogenetika/immunotools-master/OUTPUT_DIRECTORY/visualizer/plots/gene_usage_plots/v_usage.txt
Usage of J genes was written to /home/jene4ka/Документы/Immunogenetika/immunotools-master/OUTPUT_DIRECTORY/visualizer/plots/gene_usage_plots/j_usage.pdf, .png and .svg
Usage of J genes was written to /home/jene4ka/Документы/Immunogenetika/immunotools-master/OUTPUT_DIRECTORY/visualizer/plots/gene_usage_plots/j_usage.txt

== Output CDR / FR statistics ==
Visualization of CDR statistics for IGH locus
IGH CDR1 length distribution was written to /home/jene4ka/Документы/Immunogenetika/immunotools-master/OUTPUT_DIRECTORY/visualizer/plots/cdr_plots/IGH_CDR1_length.pdf, .png and .svg
IGH CDR1 nucleotide distribution was written to /home/jene4ka/Документы/Immunogenetika/immunotools-master/OUTPUT_DIRECTORY/visualizer/plots/cdr_plots/IGH_CDR1_nucls.pdf, .png and .svg
IGH CDR1 aa variability was written to /home/jene4ka/Документы/Immunogenetika/immunotools-master/OUTPUT_DIRECTORY/visualizer/plots/cdr_plots/IGH_CDR1_aa.pdf, .png and .svg
IGH CDR2 length distribution was written to /home/jene4ka/Документы/Immunogenetika/immunotools-master/OUTPUT_DIRECTORY/visualizer/plots/cdr_plots/IGH_CDR2_length.pdf, .png and .svg
IGH CDR2 nucleotide distribution was written to /home/jene4ka/Документы/Immunogenetika/immunotools-master/OUTPUT_DIRECTORY/visualizer/plots/cdr_plots/IGH_CDR2_nucls.pdf, .png and .svg
IGH CDR2 aa variability was written to /home/jene4ka/Документы/Immunogenetika/immunotools-master/OUTPUT_DIRECTORY/visualizer/plots/cdr_plots/IGH_CDR2_aa.pdf, .png and .svg
IGH CDR3 length distribution was written to /home/jene4ka/Документы/Immunogenetika/immunotools-master/OUTPUT_DIRECTORY/visualizer/plots/cdr_plots/IGH_CDR3_length.pdf, .png and .svg
IGH CDR3 nucleotide distribution was written to /home/jene4ka/Документы/Immunogenetika/immunotools-master/OUTPUT_DIRECTORY/visualizer/plots/cdr_plots/IGH_CDR3_nucls.pdf, .png and .svg
IGH CDR3 aa variability was written to /home/jene4ka/Документы/Immunogenetika/immunotools-master/OUTPUT_DIRECTORY/visualizer/plots/cdr_plots/IGH_CDR3_aa.pdf, .png and .svg
Output contains very low number (0) of IGK records. Drawing plots was skipped
Output contains very low number (0) of IGL records. Drawing plots was skipped

== Output SHM statistics ==
20000 records were extracted from /home/jene4ka/Документы/Immunogenetika/immunotools-master/OUTPUT_DIRECTORY/shm_details.txt
# sequences for IGL is too small (0). Plot drawing was skipped
# sequences for IGK is too small (0). Plot drawing was skipped
Distribution of # SHMs in IGHV segments was written to /home/jene4ka/Документы/Immunogenetika/immunotools-master/OUTPUT_DIRECTORY/visualizer/plots/shm_plots/mutations_distribution_IGHV.pdf, .png and .svg
SHM position in IGHJ6 was written to /home/jene4ka/Документы/Immunogenetika/immunotools-master/OUTPUT_DIRECTORY/visualizer/plots/shm_plots/J_shms/IGHJ6.pdf, .png and .svg
SHM position in IGHJ5 was written to /home/jene4ka/Документы/Immunogenetika/immunotools-master/OUTPUT_DIRECTORY/visualizer/plots/shm_plots/J_shms/IGHJ5.pdf, .png and .svg
SHM position in IGHJ4 was written to /home/jene4ka/Документы/Immunogenetika/immunotools-master/OUTPUT_DIRECTORY/visualizer/plots/shm_plots/J_shms/IGHJ4.pdf, .png and .svg
SHM position in IGHJ3 was written to /home/jene4ka/Документы/Immunogenetika/immunotools-master/OUTPUT_DIRECTORY/visualizer/plots/shm_plots/J_shms/IGHJ3.pdf, .png and .svg
SHM position in IGHJ2 was written to /home/jene4ka/Документы/Immunogenetika/immunotools-master/OUTPUT_DIRECTORY/visualizer/plots/shm_plots/J_shms/IGHJ2.pdf, .png and .svg
SHM position in IGHJ1 was written to /home/jene4ka/Документы/Immunogenetika/immunotools-master/OUTPUT_DIRECTORY/visualizer/plots/shm_plots/J_shms/IGHJ1.pdf, .png and .svg
SHM position in IGHV6-1 was written to /home/jene4ka/Документы/Immunogenetika/immunotools-master/OUTPUT_DIRECTORY/visualizer/plots/shm_plots/V_shms/IGHV6-1.pdf, .png and .svg
SHM position in IGHV4-4 was written to /home/jene4ka/Документы/Immunogenetika/immunotools-master/OUTPUT_DIRECTORY/visualizer/plots/shm_plots/V_shms/IGHV4-4.pdf, .png and .svg
SHM position in IGHV3-15 was written to /home/jene4ka/Документы/Immunogenetika/immunotools-master/OUTPUT_DIRECTORY/visualizer/plots/shm_plots/V_shms/IGHV3-15.pdf, .png and .svg
SHM position in IGHV3-49 was written to /home/jene4ka/Документы/Immunogenetika/immunotools-master/OUTPUT_DIRECTORY/visualizer/plots/shm_plots/V_shms/IGHV3-49.pdf, .png and .svg
SHM position in IGHV3-11 was written to /home/jene4ka/Документы/Immunogenetika/immunotools-master/OUTPUT_DIRECTORY/visualizer/plots/shm_plots/V_shms/IGHV3-11.pdf, .png and .svg
SHM position in IGHV5-51 was written to /home/jene4ka/Документы/Immunogenetika/immunotools-master/OUTPUT_DIRECTORY/visualizer/plots/shm_plots/V_shms/IGHV5-51.pdf, .png and .svg
SHM position in IGHV3-13 was written to /home/jene4ka/Документы/Immunogenetika/immunotools-master/OUTPUT_DIRECTORY/visualizer/plots/shm_plots/V_shms/IGHV3-13.pdf, .png and .svg
SHM position in IGHV3-53 was written to /home/jene4ka/Документы/Immunogenetika/immunotools-master/OUTPUT_DIRECTORY/visualizer/plots/shm_plots/V_shms/IGHV3-53.pdf, .png and .svg
SHM position in IGHV3-33 was written to /home/jene4ka/Документы/Immunogenetika/immunotools-master/OUTPUT_DIRECTORY/visualizer/plots/shm_plots/V_shms/IGHV3-33.pdf, .png and .svg
SHM position in IGHV3-30 was written to /home/jene4ka/Документы/Immunogenetika/immunotools-master/OUTPUT_DIRECTORY/visualizer/plots/shm_plots/V_shms/IGHV3-30.pdf, .png and .svg
SHM position in IGHV3-73 was written to /home/jene4ka/Документы/Immunogenetika/immunotools-master/OUTPUT_DIRECTORY/visualizer/plots/shm_plots/V_shms/IGHV3-73.pdf, .png and .svg
SHM position in IGHV3-72 was written to /home/jene4ka/Документы/Immunogenetika/immunotools-master/OUTPUT_DIRECTORY/visualizer/plots/shm_plots/V_shms/IGHV3-72.pdf, .png and .svg
SHM position in IGHV2-26 was written to /home/jene4ka/Документы/Immunogenetika/immunotools-master/OUTPUT_DIRECTORY/visualizer/plots/shm_plots/V_shms/IGHV2-26.pdf, .png and .svg
SHM position in IGHV3-74 was written to /home/jene4ka/Документы/Immunogenetika/immunotools-master/OUTPUT_DIRECTORY/visualizer/plots/shm_plots/V_shms/IGHV3-74.pdf, .png and .svg
SHM position in IGHV2-5 was written to /home/jene4ka/Документы/Immunogenetika/immunotools-master/OUTPUT_DIRECTORY/visualizer/plots/shm_plots/V_shms/IGHV2-5.pdf, .png and .svg
SHM position in IGHV5-10-1 was written to /home/jene4ka/Документы/Immunogenetika/immunotools-master/OUTPUT_DIRECTORY/visualizer/plots/shm_plots/V_shms/IGHV5-10-1.pdf, .png and .svg
SHM position in IGHV3-7 was written to /home/jene4ka/Документы/Immunogenetika/immunotools-master/OUTPUT_DIRECTORY/visualizer/plots/shm_plots/V_shms/IGHV3-7.pdf, .png and .svg
SHM position in IGHV1-8 was written to /home/jene4ka/Документы/Immunogenetika/immunotools-master/OUTPUT_DIRECTORY/visualizer/plots/shm_plots/V_shms/IGHV1-8.pdf, .png and .svg
SHM position in IGHV3-9 was written to /home/jene4ka/Документы/Immunogenetika/immunotools-master/OUTPUT_DIRECTORY/visualizer/plots/shm_plots/V_shms/IGHV3-9.pdf, .png and .svg
SHM position in IGHV3-30-3 was written to /home/jene4ka/Документы/Immunogenetika/immunotools-master/OUTPUT_DIRECTORY/visualizer/plots/shm_plots/V_shms/IGHV3-30-3.pdf, .png and .svg
SHM position in IGHV1-3 was written to /home/jene4ka/Документы/Immunogenetika/immunotools-master/OUTPUT_DIRECTORY/visualizer/plots/shm_plots/V_shms/IGHV1-3.pdf, .png and .svg
SHM position in IGHV1-2 was written to /home/jene4ka/Документы/Immunogenetika/immunotools-master/OUTPUT_DIRECTORY/visualizer/plots/shm_plots/V_shms/IGHV1-2.pdf, .png and .svg
SHM position in IGHV3-43 was written to /home/jene4ka/Документы/Immunogenetika/immunotools-master/OUTPUT_DIRECTORY/visualizer/plots/shm_plots/V_shms/IGHV3-43.pdf, .png and .svg
SHM position in IGHV3-64D was written to /home/jene4ka/Документы/Immunogenetika/immunotools-master/OUTPUT_DIRECTORY/visualizer/plots/shm_plots/V_shms/IGHV3-64D.pdf, .png and .svg
SHM position in IGHV4-39 was written to /home/jene4ka/Документы/Immunogenetika/immunotools-master/OUTPUT_DIRECTORY/visualizer/plots/shm_plots/V_shms/IGHV4-39.pdf, .png and .svg
SHM position in IGHV1-46 was written to /home/jene4ka/Документы/Immunogenetika/immunotools-master/OUTPUT_DIRECTORY/visualizer/plots/shm_plots/V_shms/IGHV1-46.pdf, .png and .svg
SHM position in IGHV1-69 was written to /home/jene4ka/Документы/Immunogenetika/immunotools-master/OUTPUT_DIRECTORY/visualizer/plots/shm_plots/V_shms/IGHV1-69.pdf, .png and .svg
SHM position in IGHV4-38-2 was written to /home/jene4ka/Документы/Immunogenetika/immunotools-master/OUTPUT_DIRECTORY/visualizer/plots/shm_plots/V_shms/IGHV4-38-2.pdf, .png and .svg
SHM position in IGHV4-31 was written to /home/jene4ka/Документы/Immunogenetika/immunotools-master/OUTPUT_DIRECTORY/visualizer/plots/shm_plots/V_shms/IGHV4-31.pdf, .png and .svg
SHM position in IGHV1-24 was written to /home/jene4ka/Документы/Immunogenetika/immunotools-master/OUTPUT_DIRECTORY/visualizer/plots/shm_plots/V_shms/IGHV1-24.pdf, .png and .svg
SHM position in IGHV1-18 was written to /home/jene4ka/Документы/Immunogenetika/immunotools-master/OUTPUT_DIRECTORY/visualizer/plots/shm_plots/V_shms/IGHV1-18.pdf, .png and .svg
SHM position in IGHV4-30-4 was written to /home/jene4ka/Документы/Immunogenetika/immunotools-master/OUTPUT_DIRECTORY/visualizer/plots/shm_plots/V_shms/IGHV4-30-4.pdf, .png and .svg
SHM position in IGHV2-70 was written to /home/jene4ka/Документы/Immunogenetika/immunotools-master/OUTPUT_DIRECTORY/visualizer/plots/shm_plots/V_shms/IGHV2-70.pdf, .png and .svg
SHM position in IGHV3-21 was written to /home/jene4ka/Документы/Immunogenetika/immunotools-master/OUTPUT_DIRECTORY/visualizer/plots/shm_plots/V_shms/IGHV3-21.pdf, .png and .svg
SHM position in IGHV3-48 was written to /home/jene4ka/Документы/Immunogenetika/immunotools-master/OUTPUT_DIRECTORY/visualizer/plots/shm_plots/V_shms/IGHV3-48.pdf, .png and .svg
SHM position in IGHV3-23 was written to /home/jene4ka/Документы/Immunogenetika/immunotools-master/OUTPUT_DIRECTORY/visualizer/plots/shm_plots/V_shms/IGHV3-23.pdf, .png and .svg
SHM position in IGHV2-70D was written to /home/jene4ka/Документы/Immunogenetika/immunotools-master/OUTPUT_DIRECTORY/visualizer/plots/shm_plots/V_shms/IGHV2-70D.pdf, .png and .svg
SHM position in IGHV3-64 was written to /home/jene4ka/Документы/Immunogenetika/immunotools-master/OUTPUT_DIRECTORY/visualizer/plots/shm_plots/V_shms/IGHV3-64.pdf, .png and .svg
SHM position in IGHV4-34 was written to /home/jene4ka/Документы/Immunogenetika/immunotools-master/OUTPUT_DIRECTORY/visualizer/plots/shm_plots/V_shms/IGHV4-34.pdf, .png and .svg
SHM position in IGHV3-66 was written to /home/jene4ka/Документы/Immunogenetika/immunotools-master/OUTPUT_DIRECTORY/visualizer/plots/shm_plots/V_shms/IGHV3-66.pdf, .png and .svg
SHM position in IGHV4-61 was written to /home/jene4ka/Документы/Immunogenetika/immunotools-master/OUTPUT_DIRECTORY/visualizer/plots/shm_plots/V_shms/IGHV4-61.pdf, .png and .svg
SHM position in IGHV4-59 was written to /home/jene4ka/Документы/Immunogenetika/immunotools-master/OUTPUT_DIRECTORY/visualizer/plots/shm_plots/V_shms/IGHV4-59.pdf, .png and .svg
SHM position in IGHV3-20 was written to /home/jene4ka/Документы/Immunogenetika/immunotools-master/OUTPUT_DIRECTORY/visualizer/plots/shm_plots/V_shms/IGHV3-20.pdf, .png and .svg
SHM position in IGHV7-81 was written to /home/jene4ka/Документы/Immunogenetika/immunotools-master/OUTPUT_DIRECTORY/visualizer/plots/shm_plots/V_shms/IGHV7-81.pdf, .png and .svg
SHM position in IGHV4-30-2 was written to /home/jene4ka/Документы/Immunogenetika/immunotools-master/OUTPUT_DIRECTORY/visualizer/plots/shm_plots/V_shms/IGHV4-30-2.pdf, .png and .svg
Mutability of V genes was written to /home/jene4ka/Документы/Immunogenetika/immunotools-master/OUTPUT_DIRECTORY/visualizer/plots/shm_plots/v_mutability.pdf, .png and .svg
Mutability of J genes was written to /home/jene4ka/Документы/Immunogenetika/immunotools-master/OUTPUT_DIRECTORY/visualizer/plots/shm_plots/j_mutability.pdf, .png and .svg
Amino acid substitution heatmap was written to /home/jene4ka/Документы/Immunogenetika/immunotools-master/OUTPUT_DIRECTORY/visualizer/plots/shm_plots/aa_substitutions.pdf, .png and .svg
Nucleotide substitution heatmap was written to /home/jene4ka/Документы/Immunogenetika/immunotools-master/OUTPUT_DIRECTORY/visualizer/plots/shm_plots/nucl_substitutions.pdf, .png and .svg
Distribution of insertion/deletion SHM lengths was written to /home/jene4ka/Документы/Immunogenetika/immunotools-master/OUTPUT_DIRECTORY/visualizer/plots/shm_plots/indel_shms_length.pdf, .png and .svg
Fractions of synonymous SHMs in V and J genes was written to /home/jene4ka/Документы/Immunogenetika/immunotools-master/OUTPUT_DIRECTORY/visualizer/plots/shm_plots/synonymous_shm_fractions.pdf, .png and .svg

==== Annotation report creation ====
Annotation report will be written to /home/jene4ka/Документы/Immunogenetika/immunotools-master/OUTPUT_DIRECTORY/visualizer/annotation_report.html
Printing general characteristics of the repertoire
Printing SHM characteristics
SHMs in individual V genes were collected in /home/jene4ka/Документы/Immunogenetika/immunotools-master/OUTPUT_DIRECTORY/visualizer/shms_per_v_gene.html
SHMs in individual J genes were collected in /home/jene4ka/Документы/Immunogenetika/immunotools-master/OUTPUT_DIRECTORY/visualizer/shms_per_j_gene.html
Printing CDR characteristics
Annotation report was written to /home/jene4ka/Документы/Immunogenetika/immunotools-master/OUTPUT_DIRECTORY/visualizer/annotation_report.html

Thank you for using Diversity Analyzer!

Log was written to /home/jene4ka/Документы/Immunogenetika/immunotools-master/OUTPUT_DIRECTORY/diversity_analyzer.log
